build/app/outputs/mapping/release/mapping.txt
# compiler: R8
# compiler_version: 1.5.64
# min_api: 16
# pg_map_id: 563b88f
...
com.google.android.gms.internal.measurement.zzke -> b.a.a.a.e.e.k9:
    java.util.List zzb -> b
    com.google.android.gms.internal.measurement.zzkf zzg -> g
    java.util.Map zzc -> c
    com.google.android.gms.internal.measurement.zzkl zze -> e
    java.util.Map zzf -> f
    int zza -> a
    boolean zzd -> d
    int zza(java.lang.Comparable) -> a
    java.lang.Object zza(com.google.android.gms.internal.measurement.zzke,int) -> a
    java.lang.Object zza(java.lang.Comparable,java.lang.Object) -> a
    void zza() -> a
    void zza(com.google.android.gms.internal.measurement.zzke) -> a
    java.util.Map$Entry zzb(int) -> a
    com.google.android.gms.internal.measurement.zzke zza(int) -> b
    java.util.List zzb(com.google.android.gms.internal.measurement.zzke) -> b
    boolean zzb() -> b
    int zzc() -> c
    java.lang.Object zzc(int) -> c
    java.util.Map zzc(com.google.android.gms.internal.measurement.zzke) -> c
    java.lang.Iterable zzd() -> d
    java.util.Map zzd(com.google.android.gms.internal.measurement.zzke) -> d
    java.util.Set zze() -> e
    void zzf() -> f
    java.util.SortedMap zzg() -> g
com.google.android.gms.internal.measurement.zzkf -> b.a.a.a.e.e.l9:
    com.google.android.gms.internal.measurement.zzke zza -> b
com.google.android.gms.internal.measurement.zzkg -> b.a.a.a.e.e.m9:
    java.util.Iterator zzb -> b
    com.google.android.gms.internal.measurement.zzke zzc -> c
    int zza -> a
    java.util.Iterator zza() -> f
com.google.android.gms.internal.measurement.zzkh -> b.a.a.a.e.e.n9:
com.google.android.gms.internal.measurement.zzki -> b.a.a.a.e.e.o9:
    java.util.Iterator zza -> a
    java.lang.Iterable zzb -> b
    java.lang.Iterable zza() -> a
    java.util.Iterator zzb() -> b
com.google.android.gms.internal.measurement.zzkj -> b.a.a.a.e.e.p9:
    java.lang.Object zzb -> b
    java.lang.Comparable zza -> a
    com.google.android.gms.internal.measurement.zzke zzc -> c
    boolean zza(java.lang.Object,java.lang.Object) -> a
com.google.android.gms.internal.measurement.zzkk -> b.a.a.a.e.e.q9:
com.google.android.gms.internal.measurement.zzkl -> b.a.a.a.e.e.r9:
    com.google.android.gms.internal.measurement.zzke zza -> a
com.google.android.gms.internal.measurement.zzkm -> b.a.a.a.e.e.s9:
    java.util.Iterator zzc -> c
    boolean zzb -> b
    int zza -> a
    com.google.android.gms.internal.measurement.zzke zzd -> d
    java.util.Iterator zza() -> f
com.google.android.gms.internal.measurement.zzkn -> b.a.a.a.e.e.t9:
    java.lang.String zza(com.google.android.gms.internal.measurement.zzgr) -> a
com.google.android.gms.internal.measurement.zzko -> b.a.a.a.e.e.u9:
    int zza() -> f
    boolean zzb() -> g
    com.google.android.gms.internal.measurement.zzjh zzc() -> i
com.google.android.gms.internal.measurement.zzkp -> b.a.a.a.e.e.v9:
    byte zza(int) -> a
    int zza() -> f
com.google.android.gms.internal.measurement.zzkq -> b.a.a.a.e.e.w9:
    com.google.android.gms.internal.measurement.zzgr zza -> a
    byte zza(int) -> a
    int zza() -> f
com.google.android.gms.internal.measurement.zzkr -> b.a.a.a.e.e.x9:
    java.lang.Object zza() -> a
    void zza(java.lang.Object,int,long) -> a
    void zza(java.lang.Object,com.google.android.gms.internal.measurement.zzlo) -> a
    void zza(java.lang.Object,java.lang.Object) -> a
    java.lang.Object zzb(java.lang.Object) -> a
    void zzb(java.lang.Object,com.google.android.gms.internal.measurement.zzlo) -> b
    void zzb(java.lang.Object,java.lang.Object) -> b
    void zzd(java.lang.Object) -> b
    java.lang.Object zzc(java.lang.Object,java.lang.Object) -> c
    int zze(java.lang.Object) -> c
    int zzf(java.lang.Object) -> d
com.google.android.gms.internal.measurement.zzks -> b.a.a.a.e.e.y9: